Log file open, 10/13/18 17:57:17
LogWindows: Failed to load 'aqProf.dll' (GetLastError=126)
LogWindows: File 'aqProf.dll' does not exist
LogWindows: Failed to load 'VSPerf140.dll' (GetLastError=126)
LogWindows: File 'VSPerf140.dll' does not exist
LogWindows: Failed to load 'VtuneApi.dll' (GetLastError=126)
LogWindows: File 'VtuneApi.dll' does not exist
LogWindows: Failed to load 'VtuneApi32e.dll' (GetLastError=126)
LogWindows: File 'VtuneApi32e.dll' does not exist
LogInit: Display: Running engine for game: Assign2
LogPlatformFile: Not using cached read wrapper
LogTaskGraph: Started task graph with 5 named threads and 23 total threads with 3 sets of task threads.
LogStats: Stats thread started at 0.880693
LogD3D11RHI: Loaded GFSDK_Aftermath_Lib.x64.dll
LogICUInternationalization: Display: ICU TimeZone Detection - Raw Offset: -7:00, Platform Override: ''
LogPluginManager: Mounting plugin Paper2D
LogPluginManager: Mounting plugin AISupport
LogPluginManager: Mounting plugin LightPropagationVolume
LogPluginManager: Mounting plugin CLionSourceCodeAccess
LogPluginManager: Mounting plugin CodeLiteSourceCodeAccess
LogPluginManager: Mounting plugin GitSourceControl
LogPluginManager: Mounting plugin KDevelopSourceCodeAccess
LogPluginManager: Mounting plugin NullSourceCodeAccess
LogPluginManager: Mounting plugin PerforceSourceControl
LogPluginManager: Mounting plugin SubversionSourceControl
LogPluginManager: Mounting plugin UObjectPlugin
LogPluginManager: Mounting plugin VisualStudioCodeSourceCodeAccess
LogPluginManager: Mounting plugin VisualStudioSourceCodeAccess
LogPluginManager: Mounting plugin XCodeSourceCodeAccess
LogPluginManager: Mounting plugin AssetManagerEditor
LogPluginManager: Mounting plugin CryptoKeys
LogPluginManager: Mounting plugin DataValidation
LogPluginManager: Mounting plugin FacialAnimation
LogPluginManager: Mounting plugin GameplayTagsEditor
LogPluginManager: Mounting plugin MacGraphicsSwitching
LogPluginManager: Mounting plugin MeshEditor
LogPluginManager: Mounting plugin MobileLauncherProfileWizard
LogPluginManager: Mounting plugin PluginBrowser
LogPluginManager: Mounting plugin SpeedTreeImporter
LogPluginManager: Mounting plugin DatasmithContent
LogPluginManager: Mounting plugin AlembicImporter
LogPluginManager: Mounting plugin AppleImageUtils
LogPluginManager: Mounting plugin AppleVision
LogPluginManager: Mounting plugin BackChannel
LogPluginManager: Mounting plugin CharacterAI
LogPluginManager: Mounting plugin GeometryCache
LogPluginManager: Mounting plugin HTML5Networking
LogPluginManager: Mounting plugin ProxyLODPlugin
LogPluginManager: Mounting plugin MagicLeap
LogPluginManager: Mounting plugin MagicLeapEmulator
LogPluginManager: Mounting plugin MagicLeapMedia
LogPluginManager: Mounting plugin AndroidMedia
LogPluginManager: Mounting plugin AvfMedia
LogPluginManager: Mounting plugin ImgMedia
LogPluginManager: Mounting plugin LinearTimecode
LogPluginManager: Mounting plugin MediaCompositing
LogPluginManager: Mounting plugin MediaPlayerEditor
LogPluginManager: Mounting plugin WmfMedia
LogPluginManager: Mounting plugin TcpMessaging
LogPluginManager: Mounting plugin UdpMessaging
LogPluginManager: Mounting plugin ActorSequence
LogPluginManager: Mounting plugin LevelSequenceEditor
LogPluginManager: Mounting plugin MatineeToLevelSequence
LogPluginManager: Mounting plugin NetcodeUnitTest
LogPluginManager: Mounting plugin NUTUnrealEngine4
LogPluginManager: Mounting plugin OnlineSubsystemGooglePlay
LogPluginManager: Mounting plugin OnlineSubsystemIOS
LogPluginManager: Mounting plugin OnlineSubsystem
LogPluginManager: Mounting plugin OnlineSubsystemNull
LogPluginManager: Mounting plugin OnlineSubsystemUtils
LogPluginManager: Mounting plugin LauncherChunkInstaller
LogPluginManager: Mounting plugin AndroidDeviceProfileSelector
LogPluginManager: Mounting plugin AndroidMoviePlayer
LogPluginManager: Mounting plugin AndroidPermission
LogPluginManager: Mounting plugin AppleMoviePlayer
LogPluginManager: Mounting plugin ArchVisCharacter
LogPluginManager: Mounting plugin AudioCapture
LogPluginManager: Mounting plugin CableComponent
LogPluginManager: Mounting plugin CustomMeshComponent
LogPluginManager: Mounting plugin EditableMesh
LogPluginManager: Mounting plugin ExampleDeviceProfileSelector
LogPluginManager: Mounting plugin GoogleCloudMessaging
LogPluginManager: Mounting plugin ImmediatePhysics
LogPluginManager: Mounting plugin IOSDeviceProfileSelector
LogPluginManager: Mounting plugin LinuxDeviceProfileSelector
LogPluginManager: Mounting plugin LocationServicesBPLibrary
LogPluginManager: Mounting plugin MobilePatchingUtils
LogPluginManager: Mounting plugin OculusVR
LogPluginManager: Plugin shader directory ../../../Engine/Plugins/Runtime/Oculus/OculusVR/Shaders found
LogPluginManager: Mapping shader source directory ../../../Engine/Plugins/Runtime/Oculus/OculusVR/Shaders to virtual directory /Plugin/OculusVR
LogPluginManager: Mounting plugin PhysXVehicles
LogPluginManager: Mounting plugin ProceduralMeshComponent
LogPluginManager: Mounting plugin RuntimePhysXCooking
LogPluginManager: Mounting plugin SteamVR
LogPluginManager: Mounting plugin WindowsMoviePlayer
LogStreaming: Display: Took  0.155s to configure plugins.
LogInit: Using libcurl 7.55.1-DEV
LogInit:  - built for x86_64-pc-win32
LogInit:  - supports SSL with OpenSSL/1.0.2h
LogInit:  - supports HTTP deflate (compression) using libz 1.2.8
LogInit:  - other features:
LogInit:      CURL_VERSION_SSL
LogInit:      CURL_VERSION_LIBZ
LogInit:      CURL_VERSION_IPV6
LogInit:      CURL_VERSION_ASYNCHDNS
LogInit:      CURL_VERSION_LARGEFILE
LogInit:      CURL_VERSION_IDN
LogInit:  CurlRequestOptions (configurable via config and command line):
LogInit:  - bVerifyPeer = false  - Libcurl will NOT verify peer certificate
LogInit:  - bUseHttpProxy = false  - Libcurl will NOT use HTTP proxy
LogInit:  - bDontReuseConnections = false  - Libcurl will reuse connections
LogInit:  - CertBundlePath = nullptr  - Libcurl will use whatever was configured at build time.
LogInit:  - MaxHostConnections = 16  - Libcurl will limit the number of connections to a host
LogInit:  - LocalHostAddr = Default
LogInit:  - BufferSize = 65536
LogInit: WinSock: version 1.1 (2.2), MaxSocks=32767, MaxUdp=65467
LogInit: Build: ++UE4+Release-4.20-CL-4369336
LogInit: Engine Version: 4.20.3-4369336+++UE4+Release-4.20
LogInit: Compatible Engine Version: 4.20.0-4212847+++UE4+Release-4.20
LogInit: Net CL: 4212847
LogInit: OS: Windows 10 (), CPU: Intel(R) Core(TM) i7-7700HQ CPU @ 2.80GHz, GPU: Intel(R) HD Graphics 630
LogInit: Compiled (64-bit): Sep 17 2018 12:26:19
LogInit: Compiled with Visual C++: 19.13.26129.00
LogInit: Build Configuration: Development
LogInit: Branch Name: ++UE4+Release-4.20
LogInit: Command Line:  
LogInit: Base Directory: C:/Program Files (x86)/Epic Games/Unreal Engine/UE_4.20/Engine/Binaries/Win64/
LogInit: Installed Engine Build: 1
LogDevObjectVersion: Number of dev versions registered: 20
LogDevObjectVersion:   Dev-Blueprints (B0D832E4-1F89-4F0D-ACCF-7EB736FD4AA2): 10
LogDevObjectVersion:   Dev-Build (E1C64328-A22C-4D53-A36C-8E866417BD8C): 0
LogDevObjectVersion:   Dev-Core (375EC13C-06E4-48FB-B500-84F0262A717E): 2
LogDevObjectVersion:   Dev-Editor (E4B068ED-F494-42E9-A231-DA0B2E46BB41): 24
LogDevObjectVersion:   Dev-Framework (CFFC743F-43B0-4480-9391-14DF171D2073): 34
LogDevObjectVersion:   Dev-Mobile (B02B49B5-BB20-44E9-A304-32B752E40360): 2
LogDevObjectVersion:   Dev-Networking (A4E4105C-59A1-49B5-A7C5-40C4547EDFEE): 0
LogDevObjectVersion:   Dev-Online (39C831C9-5AE6-47DC-9A44-9C173E1C8E7C): 0
LogDevObjectVersion:   Dev-Physics (78F01B33-EBEA-4F98-B9B4-84EACCB95AA2): 0
LogDevObjectVersion:   Dev-Platform (6631380F-2D4D-43E0-8009-CF276956A95A): 0
LogDevObjectVersion:   Dev-Rendering (12F88B9F-8875-4AFC-A67C-D90C383ABD29): 26
LogDevObjectVersion:   Dev-Sequencer (7B5AE74C-D270-4C10-A958-57980B212A5A): 9
LogDevObjectVersion:   Dev-VR (D7296918-1DD6-4BDD-9DE2-64A83CC13884): 2
LogDevObjectVersion:   Dev-LoadTimes (C2A15278-BFE7-4AFE-6C17-90FF531DF755): 1
LogDevObjectVersion:   Private-Geometry (6EACA3D4-40EC-4CC1-B786-8BED09428FC5): 3
LogDevObjectVersion:   Dev-AnimPhys (29E575DD-E0A3-4627-9D10-D276232CDCEA): 17
LogDevObjectVersion:   Dev-ReflectionCapture (6B266CEC-1EC7-4B8F-A30B-E4D90942FC07): 1
LogDevObjectVersion:   Dev-Automation (0DF73D61-A23F-47EA-B727-89E90C41499A): 1
LogDevObjectVersion:   FortniteMain (601D1886-AC64-4F84-AA16-D3DE0DEAC7D6): 12
LogDevObjectVersion:   Dev-Enterprise (9DFFBCD6-494F-0158-E221-12823C92A888): 1
LogStreaming: Display: Took  0.002s to delete old logs.
LogInit: Presizing for max 8388607 objects, including 0 objects not considered by GC, pre-allocating 0 bytes for permanent pool.
LogInit: Object subsystem initialized
[2018.10.13-23.57.18:277][  0]LogInit: Selected Device Profile: [Windows]
[2018.10.13-23.57.18:278][  0]LogInit: Applying CVar settings loaded from the selected device profile: [Windows]
[2018.10.13-23.57.18:316][  0]LogHAL: Display: Platform has ~ 16 GB [17061810176 / 17179869184 / 16], which maps to Larger [LargestMinGB=32, LargerMinGB=12, DefaultMinGB=8, SmallerMinGB=6, SmallestMinGB=0)
[2018.10.13-23.57.18:317][  0]LogInit: Setting Device Profile CVar: [[r.Vulkan.UseRealUBs:1]]
[2018.10.13-23.57.18:317][  0]LogInit: Going up to parent DeviceProfile []
[2018.10.13-23.57.18:323][  0]LogInit: Computer: MSI
[2018.10.13-23.57.18:323][  0]LogInit: User: Shak
[2018.10.13-23.57.18:323][  0]LogInit: CPU Page size=4096, Cores=4
[2018.10.13-23.57.18:323][  0]LogInit: High frequency timer resolution =10.000000 MHz
[2018.10.13-23.57.18:323][  0]LogMemory: Memory total: Physical=15.9GB (16GB approx)
[2018.10.13-23.57.18:323][  0]LogMemory: Platform Memory Stats for Windows
[2018.10.13-23.57.18:323][  0]LogMemory: Process Physical Memory: 100.32 MB used, 100.33 MB peak
[2018.10.13-23.57.18:323][  0]LogMemory: Process Virtual Memory: 90.84 MB used, 90.84 MB peak
[2018.10.13-23.57.18:323][  0]LogMemory: Physical Memory: 8218.47 MB used,  8052.94 MB free, 16271.41 MB total
[2018.10.13-23.57.18:323][  0]LogMemory: Virtual Memory: 4642.32 MB used,  8052.94 MB free, 134217728.00 MB total
[2018.10.13-23.57.19:477][  0]LogInit: Using OS detected language (en-US).
[2018.10.13-23.57.19:477][  0]LogInit: Using OS detected locale (en-US).
[2018.10.13-23.57.19:478][  0]LogTextLocalizationManager: No specific localization for 'en-US' exists, so the 'en' localization will be used.
[2018.10.13-23.57.19:992][  0]LogStreaming: Display: Took  0.511s to InitEngineTextLocalization.
[2018.10.13-23.57.19:993][  0]LogInit: Setting process to per monitor DPI aware
[2018.10.13-23.57.20:132][  0]LogSlate: New Slate User Created.  User Index 0, Is Virtual User: 0
[2018.10.13-23.57.20:133][  0]LogSlate: Slate User Registered.  User Index 0, Is Virtual User: 0
[2018.10.13-23.57.23:093][  0]LogHMD: Failed to initialize OpenVR with code 110
[2018.10.13-23.57.23:093][  0]LogD3D11RHI: D3D11 adapters:
[2018.10.13-23.57.24:018][  0]LogD3D11RHI:    0. 'NVIDIA GeForce GTX 1060' (Feature Level 11_0)
[2018.10.13-23.57.24:018][  0]LogD3D11RHI:       6052/0/8135 MB DedicatedVideo/DedicatedSystem/SharedSystem, Outputs:1, VendorId:0x10de
[2018.10.13-23.57.24:030][  0]LogD3D11RHI:    1. 'Intel(R) HD Graphics 630' (Feature Level 11_0)
[2018.10.13-23.57.24:030][  0]LogD3D11RHI:       128/0/8135 MB DedicatedVideo/DedicatedSystem/SharedSystem, Outputs:0, VendorId:0x8086
[2018.10.13-23.57.24:033][  0]LogD3D11RHI:    2. 'Microsoft Basic Render Driver' (Feature Level 11_0)
[2018.10.13-23.57.24:033][  0]LogD3D11RHI:       0/0/8135 MB DedicatedVideo/DedicatedSystem/SharedSystem, Outputs:0, VendorId:0x1414
[2018.10.13-23.57.24:033][  0]LogD3D11RHI: Chosen D3D11 Adapter: 0
[2018.10.13-23.57.24:065][  0]LogD3D11RHI: Creating new Direct3DDevice
[2018.10.13-23.57.24:065][  0]LogD3D11RHI:     GPU DeviceId: 0x1c20 (for the marketing name, search the web for "GPU Device Id")
[2018.10.13-23.57.24:066][  0]LogWindows: EnumDisplayDevices:
[2018.10.13-23.57.24:066][  0]LogWindows:    0. 'Intel(R) HD Graphics 630' (P:1 D:1)
[2018.10.13-23.57.24:066][  0]LogWindows:    1. 'Intel(R) HD Graphics 630' (P:0 D:0)
[2018.10.13-23.57.24:066][  0]LogWindows:    2. 'Intel(R) HD Graphics 630' (P:0 D:0)
[2018.10.13-23.57.24:067][  0]LogWindows:    3. 'NVIDIA GeForce GTX 1060' (P:0 D:0)
[2018.10.13-23.57.24:067][  0]LogWindows:    4. 'NVIDIA GeForce GTX 1060' (P:0 D:0)
[2018.10.13-23.57.24:067][  0]LogWindows:    5. 'NVIDIA GeForce GTX 1060' (P:0 D:0)
[2018.10.13-23.57.24:067][  0]LogWindows:    6. 'NVIDIA GeForce GTX 1060' (P:0 D:0)
[2018.10.13-23.57.24:067][  0]LogWindows: DebugString: PrimaryIsNotTheChoosenAdapter PrimaryIsNotTheChoosenAdapter PrimaryIsNotTheChoosenAdapter FoundDriverCount:4 
[2018.10.13-23.57.24:067][  0]LogD3D11RHI:     Adapter Name: NVIDIA GeForce GTX 1060
[2018.10.13-23.57.24:068][  0]LogD3D11RHI:   Driver Version: 416.16 (internal:25.21.14.1616, unified:416.16)
[2018.10.13-23.57.24:068][  0]LogD3D11RHI:      Driver Date: 10-2-2018
[2018.10.13-23.57.24:068][  0]LogRHI: Texture pool is 4236 MB (70% of 6052 MB)
[2018.10.13-23.57.24:124][  0]LogD3D11RHI: Async texture creation enabled
[2018.10.13-23.57.24:157][  0]LogD3D11RHI: GPU Timing Frequency: 1000.000000 (Debug: 2 2)
[2018.10.13-23.57.24:161][  0]LogShaderCompilers: Guid format shader working directory is -16 characters bigger than the processId version (../../../../../../../Users/Shak/Desktop/UE4 APAssign2/Assign2/Intermediate/Shaders/WorkingDirectory/7484/).
[2018.10.13-23.57.24:161][  0]LogShaderCompilers: Cleaned the shader compiler working directory 'C:/Users/Shak/AppData/Local/Temp/UnrealShaderWorkingDir/D9BB85DA447159D157DEF6ACDE635678/'.
[2018.10.13-23.57.24:668][  0]LogTemp: Display: Loaded TP AllDesktopTargetPlatform
[2018.10.13-23.57.24:694][  0]LogTemp: Display: Loaded TP MacClientTargetPlatform
[2018.10.13-23.57.24:720][  0]LogTemp: Display: Loaded TP MacNoEditorTargetPlatform
[2018.10.13-23.57.24:746][  0]LogTemp: Display: Loaded TP MacServerTargetPlatform
[2018.10.13-23.57.24:777][  0]LogTemp: Display: Loaded TP MacTargetPlatform
[2018.10.13-23.57.24:805][  0]LogTemp: Display: Loaded TP WindowsClientTargetPlatform
[2018.10.13-23.57.24:831][  0]LogTemp: Display: Loaded TP WindowsNoEditorTargetPlatform
[2018.10.13-23.57.24:859][  0]LogTemp: Display: Loaded TP WindowsServerTargetPlatform
[2018.10.13-23.57.24:878][  0]LogTemp: Display: Loaded TP WindowsTargetPlatform
[2018.10.13-23.57.24:990][  0]LogTemp: Display: Loaded TP AndroidTargetPlatform
[2018.10.13-23.57.24:990][  0]LogTemp: Display: Loaded TP AndroidTargetPlatform
[2018.10.13-23.57.24:990][  0]LogTemp: Display: Loaded TP AndroidTargetPlatform
[2018.10.13-23.57.24:990][  0]LogTemp: Display: Loaded TP AndroidTargetPlatform
[2018.10.13-23.57.24:990][  0]LogTemp: Display: Loaded TP AndroidTargetPlatform
[2018.10.13-23.57.24:991][  0]LogTemp: Display: Loaded TP AndroidTargetPlatform
[2018.10.13-23.57.24:991][  0]LogTemp: Display: Loaded TP AndroidTargetPlatform
[2018.10.13-23.57.24:991][  0]LogTemp: Display: Loaded TP AndroidTargetPlatform
[2018.10.13-23.57.24:991][  0]LogTemp: Display: Loaded TP AndroidTargetPlatform
[2018.10.13-23.57.24:991][  0]LogTemp: Display: Loaded TP AndroidTargetPlatform
[2018.10.13-23.57.24:991][  0]LogTemp: Display: Loaded TP AndroidTargetPlatform
[2018.10.13-23.57.24:991][  0]LogTemp: Display: Loaded TP AndroidTargetPlatform
[2018.10.13-23.57.24:991][  0]LogTemp: Display: Loaded TP AndroidTargetPlatform
[2018.10.13-23.57.24:991][  0]LogTemp: Display: Loaded TP AndroidTargetPlatform
[2018.10.13-23.57.24:991][  0]LogTemp: Display: Loaded TP AndroidTargetPlatform
[2018.10.13-23.57.24:991][  0]LogTemp: Display: Loaded TP AndroidTargetPlatform
[2018.10.13-23.57.24:991][  0]LogTemp: Display: Loaded TP AndroidTargetPlatform
[2018.10.13-23.57.24:991][  0]LogTemp: Display: Loaded TP AndroidTargetPlatform
[2018.10.13-23.57.25:004][  0]LogTemp: Display: Loaded TP HTML5TargetPlatform
[2018.10.13-23.57.25:114][  0]LogTemp: Display: Loaded TP IOSTargetPlatform
[2018.10.13-23.57.25:114][  0]LogTemp: Display: Loaded TP IOSTargetPlatform
[2018.10.13-23.57.25:148][  0]LogTemp: Display: Loaded TP TVOSTargetPlatform
[2018.10.13-23.57.25:148][  0]LogTemp: Display: Loaded TP TVOSTargetPlatform
[2018.10.13-23.57.25:173][  0]LogTemp: Display: Loaded TP LinuxClientTargetPlatform
[2018.10.13-23.57.25:202][  0]LogTemp: Display: Loaded TP LinuxNoEditorTargetPlatform
[2018.10.13-23.57.25:228][  0]LogTemp: Display: Loaded TP LinuxServerTargetPlatform
[2018.10.13-23.57.25:262][  0]LogTemp: Display: Loaded TP LinuxTargetPlatform
[2018.10.13-23.57.25:285][  0]LogTemp: Display: Loaded TP LuminTargetPlatform
[2018.10.13-23.57.25:285][  0]LogTargetPlatformManager: Display: Building Assets For Windows
[2018.10.13-23.57.25:665][  0]LogXGEController: Cleaning working directory: C:/Users/Shak/AppData/Local/Temp/UnrealXGEWorkingDir/
[2018.10.13-23.57.25:665][  0]LogXGEController: Cannot use XGE Controller as Incredibuild is not installed on this machine.
[2018.10.13-23.57.25:665][  0]LogShaderCompilers: Cannot use XGE Shader Compiler as Incredibuild is not installed on this machine.
[2018.10.13-23.57.25:665][  0]LogShaderCompilers: Display: Using Local Shader Compiler.
[2018.10.13-23.57.28:055][  0]LogDerivedDataCache: Display: Max Cache Size: 512 MB
[2018.10.13-23.57.28:368][  0]LogDerivedDataCache: Loaded boot cache 0.31s 71MB C:/Users/Shak/AppData/Local/UnrealEngine/4.20/DerivedDataCache/Boot.ddc.
[2018.10.13-23.57.28:369][  0]LogDerivedDataCache: Display: Loaded Boot cache: C:/Users/Shak/AppData/Local/UnrealEngine/4.20/DerivedDataCache/Boot.ddc
[2018.10.13-23.57.28:369][  0]LogDerivedDataCache: FDerivedDataBackendGraph:  Pak pak cache file ../../../../../../../Users/Shak/Desktop/UE4 APAssign2/Assign2/DerivedDataCache/DDC.ddp not found, will not use a pak cache.
[2018.10.13-23.57.28:369][  0]LogDerivedDataCache: Unable to find inner node Pak for hierarchical cache Hierarchy.
[2018.10.13-23.57.28:369][  0]LogDerivedDataCache: FDerivedDataBackendGraph:  CompressedPak pak cache file ../../../../../../../Users/Shak/Desktop/UE4 APAssign2/Assign2/DerivedDataCache/Compressed.ddp not found, will not use a pak cache.
[2018.10.13-23.57.28:369][  0]LogDerivedDataCache: Unable to find inner node CompressedPak for hierarchical cache Hierarchy.
[2018.10.13-23.57.28:397][  0]LogDerivedDataCache: Display: Pak cache opened for reading ../../../Engine/DerivedDataCache/Compressed.ddp.
[2018.10.13-23.57.28:411][  0]LogDerivedDataCache: Using Local data cache path C:/Users/Shak/AppData/Local/UnrealEngine/Common/DerivedDataCache: Writable
[2018.10.13-23.57.28:411][  0]LogDerivedDataCache: Shared data cache path not found in *engine.ini, will not use an Shared cache.
[2018.10.13-23.57.28:411][  0]LogDerivedDataCache: Unable to find inner node Shared for hierarchical cache Hierarchy.
[2018.10.13-23.57.28:434][  0]LogMaterial: Verifying Global Shaders for PCD3D_SM5
[2018.10.13-23.57.28:441][  0]LogSlate: Using FreeType 2.6.0
[2018.10.13-23.57.28:463][  0]LogSlate: SlateFontServices - WITH_FREETYPE: 1, WITH_HARFBUZZ: 1
[2018.10.13-23.57.28:824][  0]LogAssetRegistry: FAssetRegistry took 0.0311 seconds to start up
[2018.10.13-23.57.29:268][  0]LogInit: Selected Device Profile: [Windows]
[2018.10.13-23.57.29:751][  0]LogSimplygon: Simplygon DLL not present - disabling.
[2018.10.13-23.57.29:803][  0]LogMeshReduction: Using SimplygonSwarm for distributed automatic mesh merging
[2018.10.13-23.57.29:804][  0]LogMeshReduction: Using ProxyLODMeshReduction for automatic mesh merging
[2018.10.13-23.57.29:805][  0]LogMeshReduction: Using QuadricMeshReduction for automatic static mesh reduction
[2018.10.13-23.57.29:805][  0]LogMeshReduction: No automatic skeletal mesh reduction module available
[2018.10.13-23.57.29:881][  0]LogNetVersion: Assign2 1.0.0, NetCL: 4212847, EngineNetVer: 5, GameNetVer: 0 (Checksum: 1357755728)
[2018.10.13-23.57.31:612][  0]LogPackageLocalizationCache: Processed 11 localized package path(s) for 2 prioritized culture(s) in 0.145674 seconds
[2018.10.13-23.57.31:621][  0]LogUObjectArray: 38425 objects as part of root set at end of initial load.
[2018.10.13-23.57.31:621][  0]LogUObjectAllocator: 6690872 out of 0 bytes used by permanent object pool.
[2018.10.13-23.57.31:621][  0]LogUObjectArray: CloseDisregardForGC: 0/0 objects in disregard for GC pool
[2018.10.13-23.57.36:424][  0]LogTcpMessaging: Initializing TcpMessaging bridge
[2018.10.13-23.57.36:456][  0]LogUdpMessaging: Initializing bridge on interface 0.0.0.0:0 to multicast group 230.0.0.1:6666.
[2018.10.13-23.57.37:053][  0]SourceControl: Source control is disabled
[2018.10.13-23.57.37:054][  0]SourceControl: Source control is disabled
[2018.10.13-23.57.37:086][  0]SourceControl: Source control is disabled
[2018.10.13-23.57.37:105][  0]SourceControl: Source control is disabled
[2018.10.13-23.57.37:929][  0]LogAndroidPermission: UAndroidPermissionCallbackProxy::GetInstance
[2018.10.13-23.57.38:217][  0]LogOcInput: OculusInput pre-init called
[2018.10.13-23.57.38:423][  0]LogEngine: Initializing Engine...
[2018.10.13-23.57.38:425][  0]LogHMD: Failed to initialize OpenVR with code 110
[2018.10.13-23.57.38:430][  0]LogStats: UGameplayTagsManager::ConstructGameplayTagTree: ImportINI prefixes -  0.001 s
[2018.10.13-23.57.38:430][  0]LogStats: UGameplayTagsManager::ConstructGameplayTagTree: Construct from data asset -  0.000 s
[2018.10.13-23.57.38:430][  0]LogStats: UGameplayTagsManager::ConstructGameplayTagTree: ImportINI -  0.000 s
[2018.10.13-23.57.38:430][  0]LogStats: UGameplayTagsManager::ConstructGameplayTagTree: GameplayTagTreeChangedEvent.Broadcast -  0.001 s
[2018.10.13-23.57.38:920][  0]LogInit: Initializing FReadOnlyCVARCache
[2018.10.13-23.57.38:987][  0]LogAIModule: Creating AISystem for world Untitled
[2018.10.13-23.57.39:073][  0]LogInit: XAudio2 using 'Speakers (Realtek High Definition Audio)' : 6 channels at 48 kHz using 32 bits per sample (channel mask 0x3f)
[2018.10.13-23.57.39:169][  0]LogInit: FAudioDevice initialized.
[2018.10.13-23.57.39:169][  0]LogNetVersion: Set ProjectVersion to 1.0.0.0. Version Checksum will be recalculated on next use.
[2018.10.13-23.57.39:264][  0]LogDerivedDataCache: Saved boot cache 0.09s 71MB C:/Users/Shak/AppData/Local/UnrealEngine/4.20/DerivedDataCache/Boot.ddc.
[2018.10.13-23.57.39:279][  0]LogInit: Texture streaming: Enabled
[2018.10.13-23.57.39:348][  0]LogEngineSessionManager: EngineSessionManager initialized
[2018.10.13-23.57.39:384][  0]LogInit: Transaction tracking system initialized
[2018.10.13-23.57.39:517][  0]BlueprintLog: New page: Editor Load
[2018.10.13-23.57.40:067][  0]LocalizationService: Localization service is disabled
[2018.10.13-23.57.41:040][  0]LogCook: Display: Max memory allowance for cook 16384mb min free memory 0mb
[2018.10.13-23.57.41:041][  0]LogCook: Display: Mobile HDR setting 1
[2018.10.13-23.57.41:041][  0]LogGameplayTags: Display: UGameplayTagsManager::DoneAddingNativeTags. DelegateIsBound: 0
[2018.10.13-23.57.41:041][  0]LogStats: UGameplayTagsManager::ConstructGameplayTagTree: ImportINI prefixes -  0.000 s
[2018.10.13-23.57.41:041][  0]LogStats: UGameplayTagsManager::ConstructGameplayTagTree: Construct from data asset -  0.000 s
[2018.10.13-23.57.41:041][  0]LogStats: UGameplayTagsManager::ConstructGameplayTagTree: ImportINI -  0.000 s
[2018.10.13-23.57.41:041][  0]LogStats: UGameplayTagsManager::ConstructGameplayTagTree: GameplayTagTreeChangedEvent.Broadcast -  0.000 s
[2018.10.13-23.57.41:738][  0]LogFileCache: Scanning file cache for directory 'C:/Users/Shak/Desktop/UE4 APAssign2/Assign2/Content/' took 0.02s
[2018.10.13-23.57.41:787][  0]SourceControl: Source control is disabled
[2018.10.13-23.57.41:788][  0]Cmd: MAP LOAD FILE="../../../../../../../Users/Shak/Desktop/UE4 APAssign2/Assign2/Content/Maps/OoCAssignment2Level.umap" TEMPLATE=0 SHOWPROGRESS=1 FEATURELEVEL=3
[2018.10.13-23.57.41:789][  0]LightingResults: New page: Lighting Build
[2018.10.13-23.57.41:802][  0]MapCheck: New page: Map Check
[2018.10.13-23.57.41:803][  0]LightingResults: New page: Lighting Build
[2018.10.13-23.57.42:471][  0]LogAIModule: Creating AISystem for world OoCAssignment2Level
[2018.10.13-23.57.42:502][  0]LogEditorServer: Finished looking for orphan Actors (0.000 secs)
[2018.10.13-23.57.42:532][  0]Cmd: MAP CHECKDEP NOCLEARLOG
[2018.10.13-23.57.42:617][  0]MapCheck: Map check complete: 0 Error(s), 0 Warning(s), took 84.937ms to complete.
[2018.10.13-23.57.42:617][  0]LogFileHelpers: Loading map 'OoCAssignment2Level' took 0.830
[2018.10.13-23.57.42:855][  0]LogSlate: Updating window title bar state: overlay mode, drag disabled, window buttons hidden, title bar hidden
[2018.10.13-23.57.42:864][  0]LogSlate: Updating window title bar state: overlay mode, drag disabled, window buttons hidden, title bar hidden
[2018.10.13-23.57.42:873][  0]LogSlate: Updating window title bar state: overlay mode, drag disabled, window buttons hidden, title bar hidden
[2018.10.13-23.57.42:881][  0]LogSlate: Updating window title bar state: overlay mode, drag disabled, window buttons hidden, title bar hidden
[2018.10.13-23.57.42:905][  0]LogCollectionManager: Loaded 0 collections in 0.001605 seconds
[2018.10.13-23.57.42:957][  0]LogFileCache: Scanning file cache for directory 'C:/Users/Shak/Desktop/UE4 APAssign2/Assign2/Saved/Collections/' took 0.01s
[2018.10.13-23.57.42:957][  0]LogFileCache: Scanning file cache for directory 'C:/Users/Shak/Desktop/UE4 APAssign2/Assign2/Content/Developers/Shak/Collections/' took 0.01s
[2018.10.13-23.57.42:957][  0]LogFileCache: Scanning file cache for directory 'C:/Users/Shak/Desktop/UE4 APAssign2/Assign2/Content/Collections/' took 0.01s
[2018.10.13-23.57.42:957][  0]LogCollectionManager: Rebuilt the GUID cache for 0 collections in 0.000000 seconds
[2018.10.13-23.57.42:966][  0]LogContentBrowser: Native class hierarchy populated in 0.0093 seconds. Added 2572 classes and 603 folders.
[2018.10.13-23.57.42:977][  0]LogContentBrowser: Native class hierarchy updated for 'WidgetCarousel' in 0.0002 seconds. Added 0 classes and 0 folders.
[2018.10.13-23.57.43:470][  0]LogContentBrowser: Native class hierarchy updated for 'AddContentDialog' in 0.0002 seconds. Added 0 classes and 0 folders.
[2018.10.13-23.57.43:489][  0]LogContentBrowser: Native class hierarchy updated for 'SceneOutliner' in 0.0002 seconds. Added 1 classes and 2 folders.
[2018.10.13-23.57.43:695][  0]LogSlate: Took 0.009812 seconds to synchronously load lazily loaded font '../../../Engine/Content/Slate/Fonts/Roboto-Regular.ttf' (155K)
[2018.10.13-23.57.43:705][  0]LogSlate: Took 0.005804 seconds to synchronously load lazily loaded font '../../../Engine/Content/Slate/Fonts/Roboto-Bold.ttf' (160K)
[2018.10.13-23.57.43:719][  0]LogSlate: Took 0.005889 seconds to synchronously load lazily loaded font '../../../Engine/Content/Editor/Slate/Fonts/FontAwesome.ttf' (139K)
[2018.10.13-23.57.43:884][  0]LogRenderer: Reallocating scene render targets to support 1320x528 Format 10 NumSamples 1 (Frame:1).
[2018.10.13-23.57.44:085][  0]LogContentBrowser: Native class hierarchy updated for 'HierarchicalLODOutliner' in 0.0003 seconds. Added 0 classes and 0 folders.
[2018.10.13-23.57.44:085][  0]LogLoad: (Engine Initialization) Total time: 32.37 seconds
[2018.10.13-23.57.44:085][  0]LogLoad: (Engine Initialization) Total Blueprint compile time: 0.00 seconds
[2018.10.13-23.57.44:134][  0]LogContentStreaming: Texture pool size now 3000 MB
[2018.10.13-23.57.44:162][  0]LogSlate: Took 0.008164 seconds to synchronously load lazily loaded font '../../../Engine/Content/Slate/Fonts/Roboto-Light.ttf' (167K)
[2018.10.13-23.57.44:320][  1]LogAssetRegistry: Asset discovery search completed in 15.5188 seconds
[2018.10.13-23.57.44:322][  1]LogCollectionManager: Rebuilt the object cache for 0 collections in 0.000000 seconds (found 0 objects)
[2018.10.13-23.57.44:322][  1]LogCollectionManager: Fixed up redirectors for 0 collections in 0.000079 seconds (updated 0 objects)
[2018.10.13-23.58.08:958][934]LogEditorViewport: Clicking on Actor (LMB): StaticMeshActor (Shak_WoodBlock_3)
[2018.10.13-23.58.10:780][132]LogSlate: FSceneViewport::OnFocusLost() reason 0
[2018.10.13-23.58.12:621][346]LogSlate: Took 0.000186 seconds to synchronously load lazily loaded font '../../../Engine/Content/Slate/Fonts/Roboto-Light.ttf' (167K)
[2018.10.13-23.58.12:629][346]LogAssetEditorManager: Opening Asset editor for MaterialInstanceConstant /Game/Woodblock/M_WoodBlock_Instance_3.M_WoodBlock_Instance_3
[2018.10.13-23.58.13:156][346]LogRenderer: Reallocating scene render targets to support 1320x720 Format 10 NumSamples 1 (Frame:1).
[2018.10.13-23.58.17:888][801]LogSlate: Window 'M_WoodBlock_Instance_3' being destroyed
[2018.10.13-23.58.17:896][801]LogSlate: Window 'M_WoodBlock_Instance_3' being destroyed
[2018.10.14-00.00.06:183][358]LogFactory: FactoryCreateFile: Texture with ReimportTextureFactory (0 0 ../../../../../../../Users/Shak/Desktop/UE4 APAssign2/Assign2/Original Files/Woodblock_3_TextureMapPaint.tga)
[2018.10.14-00.00.06:215][358]LogTexture: Display: Building textures: Woodblock_3_TextureMapPaint (AutoDXT, 2048X2048)
[2018.10.14-00.00.10:581][640]LogSavePackage: Moving '../../../../../../../Users/Shak/Desktop/UE4 APAssign2/Assign2/Saved/Woodblock_3_TextureMapPaint382F784544510BF255256D829AED7589.tmp' to '../../../../../../../Users/Shak/Desktop/UE4 APAssign2/Assign2/Content/Woodblock/Woodblock_3_TextureMapPaint.uasset'
[2018.10.14-00.00.12:906][881]LogAssetEditorManager: Opening Asset editor for MaterialInstanceConstant /Game/Woodblock/M_WoodBlock_Instance_3.M_WoodBlock_Instance_3
[2018.10.14-00.00.32:525][494]LogSlate: FSceneViewport::OnFocusLost() reason 0
[2018.10.14-00.00.32:594][502]LogSlate: Window 'M_WoodBlock_Instance_3*' being destroyed
[2018.10.14-00.00.32:601][502]LogSlate: Window 'M_WoodBlock_Instance_3*' being destroyed
[2018.10.14-00.00.32:657][502]LogMaterial: Display: Missing cached shader map for material FDebugViewModeMaterialProxy M_WoodBlock_Instance_3, compiling. 
[2018.10.14-00.00.33:509][502]LogShaderCompilers: Display: Shaders left to compile 1
[2018.10.14-00.00.33:513][502]TextureStreamingBuild: Display: Compiling optional shaders took 0.864 seconds.
[2018.10.14-00.00.35:626][717]Cmd: OBJ SAVEPACKAGE PACKAGE="/Game/Woodblock/M_WoodBlock_Instance_3" FILE="../../../../../../../Users/Shak/Desktop/UE4 APAssign2/Assign2/Content/Woodblock/M_WoodBlock_Instance_3.uasset" SILENT=true
[2018.10.14-00.00.35:659][717]LogSavePackage: Moving '../../../../../../../Users/Shak/Desktop/UE4 APAssign2/Assign2/Saved/M_WoodBlock_Instance_3715AD2A2498B9063C8F06DA45840B2CF.tmp' to '../../../../../../../Users/Shak/Desktop/UE4 APAssign2/Assign2/Content/Woodblock/M_WoodBlock_Instance_3.uasset'
[2018.10.14-00.00.37:528][902]LogAssetEditorManager: Opening Asset editor for StaticMesh /Game/Woodblock/Shak_WoodBlock_3.Shak_WoodBlock_3
[2018.10.14-00.00.37:946][902]LogSlate: Took 0.007121 seconds to synchronously load lazily loaded font '../../../Engine/Content/Slate/Fonts/Roboto-Italic.ttf' (157K)
[2018.10.14-00.00.46:671][697]LogSlate: FSceneViewport::OnFocusLost() reason 0
[2018.10.14-00.00.46:732][704]LogSlate: Window 'Shak_WoodBlock_3*' being destroyed
[2018.10.14-00.00.46:738][704]LogSlate: Window 'Shak_WoodBlock_3*' being destroyed
[2018.10.14-00.00.55:609][723]Cmd: TRANSACTION UNDO
[2018.10.14-00.00.55:609][723]LogEditorTransaction: Undo Move Actors
[2018.10.14-00.00.58:269][ 20]Cmd: CAMERA ALIGN ACTIVEVIEWPORTONLY
[2018.10.14-00.01.12:244][680]LogSlate: FSceneViewport::OnFocusLost() reason 2
[2018.10.14-00.01.12:317][680]LogSavePackage: Moving '../../../../../../../Users/Shak/Desktop/UE4 APAssign2/Assign2/Saved/OoCAssignment2LevelB1AAAF7C478BA76ACE1F7AAE34BB52EB.tmp' to '../../../../../../../Users/Shak/Desktop/UE4 APAssign2/Assign2/Content/Maps/OoCAssignment2Level.umap'
[2018.10.14-00.01.12:354][680]Cmd: OBJ SAVEPACKAGE PACKAGE="/Game/Maps/OoCAssignment2Level_BuiltData" FILE="../../../../../../../Users/Shak/Desktop/UE4 APAssign2/Assign2/Content/Maps/OoCAssignment2Level_BuiltData.uasset" SILENT=true
[2018.10.14-00.01.12:379][680]LogSavePackage: Moving '../../../../../../../Users/Shak/Desktop/UE4 APAssign2/Assign2/Saved/OoCAssignment2Level_BuiltData82FB0F1843E7A1A72D33B29C424F55D1.tmp' to '../../../../../../../Users/Shak/Desktop/UE4 APAssign2/Assign2/Content/Maps/OoCAssignment2Level_BuiltData.uasset'
[2018.10.14-00.01.12:821][725]LogEditorViewport: Clicking on Actor (LMB): BP_Sky_Sphere_C (Sky Sphere)
[2018.10.14-00.01.14:189][879]LogEditorViewport: Clicking on Actor (LMB): StaticMeshActor (Shak_WoodBlock_3)
[2018.10.14-00.01.14:963][965]Cmd: CAMERA ALIGN ACTIVEVIEWPORTONLY
[2018.10.14-00.02.11:312][996]LogSlate: FSceneViewport::OnFocusLost() reason 2
[2018.10.14-00.02.11:375][996]LogSavePackage: Moving '../../../../../../../Users/Shak/Desktop/UE4 APAssign2/Assign2/Saved/OoCAssignment2Level9E528307437F8357559C03B4A6821196.tmp' to '../../../../../../../Users/Shak/Desktop/UE4 APAssign2/Assign2/Content/Maps/OoCAssignment2Level.umap'
[2018.10.14-00.02.11:408][996]Cmd: OBJ SAVEPACKAGE PACKAGE="/Game/Maps/OoCAssignment2Level_BuiltData" FILE="../../../../../../../Users/Shak/Desktop/UE4 APAssign2/Assign2/Content/Maps/OoCAssignment2Level_BuiltData.uasset" SILENT=true
[2018.10.14-00.02.11:425][996]LogSavePackage: Moving '../../../../../../../Users/Shak/Desktop/UE4 APAssign2/Assign2/Saved/OoCAssignment2Level_BuiltDataB3EE377740FB11F8841DB79DACDF2A7E.tmp' to '../../../../../../../Users/Shak/Desktop/UE4 APAssign2/Assign2/Content/Maps/OoCAssignment2Level_BuiltData.uasset'
[2018.10.14-00.05.48:135][639]LogSlate: FSceneViewport::OnFocusLost() reason 0
[2018.10.14-00.09.09:211][483]LogEditorViewport: Clicking on Actor (LMB): BP_Sky_Sphere_C (Sky Sphere)
[2018.10.14-00.09.14:998][158]LogSlate: FSceneViewport::OnFocusLost() reason 0
[2018.10.14-00.09.15:162][176]LogAssetEditorManager: Opening Asset editor for Material /Game/Woodblock/M_MasterWoodBlock_PGA.M_MasterWoodBlock_PGA
[2018.10.14-00.09.15:171][176]LogMaterial: Display: Missing cached shader map for material M_MasterWoodBlock_PGA, compiling. 
[2018.10.14-00.09.15:345][176]LogMaterial: Display: Missing cached shader map for material M_MasterWoodBlock_PGA, compiling. 
[2018.10.14-00.09.15:366][176]LogMaterial: Display: Missing cached shader map for material M_MasterWoodBlock_PGA, compiling. 
[2018.10.14-00.09.15:384][176]LogShaderCompilers: Display: Shaders left to compile 30
[2018.10.14-00.09.15:384][176]LogShaderCompilers: Display: Shaders left to compile 29
[2018.10.14-00.09.15:384][176]LogShaderCompilers: Display: Shaders left to compile 28
[2018.10.14-00.09.15:384][176]LogShaderCompilers: Display: Shaders left to compile 27
[2018.10.14-00.09.15:412][176]LogMaterial: Display: Missing cached shader map for material FMatExpressionPreview MaterialExpressionTextureSampleParameter2D_2, compiling. 
[2018.10.14-00.09.15:419][176]LogMaterial: Display: Missing cached shader map for material FMatExpressionPreview MaterialExpressionMultiply_0, compiling. 
[2018.10.14-00.09.15:429][176]LogMaterial: Display: Missing cached shader map for material FMatExpressionPreview MaterialExpressionTextureCoordinate_0, compiling. 
[2018.10.14-00.09.15:437][176]LogMaterial: Display: Missing cached shader map for material FMatExpressionPreview MaterialExpressionTextureSampleParameter2D_0, compiling. 
[2018.10.14-00.09.15:445][176]LogMaterial: Display: Missing cached shader map for material FMatExpressionPreview MaterialExpressionVectorParameter_0, compiling. 
[2018.10.14-00.09.15:454][176]LogMaterial: Display: Missing cached shader map for material FMatExpressionPreview MaterialExpressionTextureSampleParameter2D_1, compiling. 
[2018.10.14-00.09.15:504][176]LogSlate: Took 0.005883 seconds to synchronously load lazily loaded font '../../../Engine/Content/Slate/Fonts/Roboto-BoldCondensed.ttf' (158K)
[2018.10.14-00.09.15:993][186]LogShaderCompilers: Display: Shaders left to compile 38
[2018.10.14-00.09.16:093][192]LogShaderCompilers: Display: Shaders left to compile 37
[2018.10.14-00.09.16:108][193]LogShaderCompilers: Display: Shaders left to compile 36
[2018.10.14-00.09.16:121][194]LogShaderCompilers: Display: Shaders left to compile 35
[2018.10.14-00.09.16:228][201]LogShaderCompilers: Display: Shaders left to compile 34
[2018.10.14-00.09.16:316][206]LogShaderCompilers: Display: Shaders left to compile 33
[2018.10.14-00.09.16:332][207]LogShaderCompilers: Display: Shaders left to compile 32
[2018.10.14-00.09.16:349][208]LogShaderCompilers: Display: Shaders left to compile 31
[2018.10.14-00.09.16:450][213]LogShaderCompilers: Display: Shaders left to compile 30
[2018.10.14-00.09.16:692][226]LogShaderCompilers: Display: Shaders left to compile 29
[2018.10.14-00.09.16:961][239]LogShaderCompilers: Display: Shaders left to compile 28
[2018.10.14-00.09.16:997][241]LogShaderCompilers: Display: Shaders left to compile 27
[2018.10.14-00.09.16:997][241]LogShaderCompilers: Display: Shaders left to compile 26
[2018.10.14-00.09.17:269][256]LogShaderCompilers: Display: Shaders left to compile 25
[2018.10.14-00.09.17:286][257]LogShaderCompilers: Display: Shaders left to compile 24
[2018.10.14-00.09.17:543][270]LogShaderCompilers: Display: Shaders left to compile 23
[2018.10.14-00.09.17:562][271]LogShaderCompilers: Display: Shaders left to compile 22
[2018.10.14-00.09.17:613][274]LogShaderCompilers: Display: Shaders left to compile 21
[2018.10.14-00.09.17:822][286]LogShaderCompilers: Display: Shaders left to compile 20
[2018.10.14-00.09.17:878][289]LogShaderCompilers: Display: Shaders left to compile 19
[2018.10.14-00.09.18:106][301]LogShaderCompilers: Display: Shaders left to compile 18
[2018.10.14-00.09.18:145][303]LogShaderCompilers: Display: Shaders left to compile 17
[2018.10.14-00.09.18:195][306]LogShaderCompilers: Display: Shaders left to compile 16
[2018.10.14-00.09.18:354][316]LogShaderCompilers: Display: Shaders left to compile 15
[2018.10.14-00.09.18:474][323]LogShaderCompilers: Display: Shaders left to compile 14
[2018.10.14-00.09.18:653][334]LogShaderCompilers: Display: Shaders left to compile 13
[2018.10.14-00.09.18:729][338]LogShaderCompilers: Display: Shaders left to compile 12
[2018.10.14-00.09.18:824][343]LogShaderCompilers: Display: Shaders left to compile 11
[2018.10.14-00.09.18:995][352]LogShaderCompilers: Display: Shaders left to compile 10
[2018.10.14-00.09.18:995][352]LogShaderCompilers: Display: Shaders left to compile 9
[2018.10.14-00.09.19:020][353]MaterialEditorStats: Base pass shader: 120 instructions
[2018.10.14-00.09.19:020][353]MaterialEditorStats: Base pass shader with Surface Lightmap: 137 instructions
[2018.10.14-00.09.19:020][353]MaterialEditorStats: Base pass shader with Volumetric Lightmap: 194 instructions
[2018.10.14-00.09.19:020][353]MaterialEditorStats: Base pass vertex shader: 36 instructions
[2018.10.14-00.09.19:020][353]MaterialEditorStats: Texture samplers: 6/16
[2018.10.14-00.09.19:020][353]MaterialEditorStats: Texture Lookups (Est.): VS(0), PS(3)
[2018.10.14-00.09.19:020][353]MaterialEditorStats: User interpolators: 2/4 Scalars (1/4 Vectors) (TexCoords: 2, Custom: 0)
[2018.10.14-00.09.19:139][360]LogShaderCompilers: Display: Shaders left to compile 8
[2018.10.14-00.09.19:139][360]LogShaderCompilers: Display: Shaders left to compile 7
[2018.10.14-00.09.19:308][370]LogShaderCompilers: Display: Shaders left to compile 6
[2018.10.14-00.09.19:379][374]LogShaderCompilers: Display: Shaders left to compile 5
[2018.10.14-00.09.19:429][377]LogShaderCompilers: Display: Shaders left to compile 4
[2018.10.14-00.09.19:510][382]LogShaderCompilers: Display: Shaders left to compile 3
[2018.10.14-00.09.19:670][390]LogShaderCompilers: Display: Shaders left to compile 2
[2018.10.14-00.09.19:689][391]LogShaderCompilers: Display: Shaders left to compile 1
[2018.10.14-00.09.31:382][362]LogMaterialEditor: Saving and Compiling material M_MasterWoodBlock_PGA
[2018.10.14-00.09.32:751][362]LogMaterial: Display: Missing cached shader map for material M_MasterWoodBlock_PGA, compiling. 
[2018.10.14-00.09.32:825][362]LogShaderCompilers: Display: Shaders left to compile 30
[2018.10.14-00.09.32:825][362]LogShaderCompilers: Display: Shaders left to compile 29
[2018.10.14-00.09.32:825][362]LogShaderCompilers: Display: Shaders left to compile 28
[2018.10.14-00.09.32:825][362]LogShaderCompilers: Display: Shaders left to compile 27
[2018.10.14-00.09.32:852][362]LogMaterial: Display: Missing cached shader map for material M_MasterWoodBlock_PGA, compiling. 
[2018.10.14-00.09.32:880][362]LogMaterial: Display: Missing cached shader map for material M_MasterWoodBlock_PGA, compiling. 
[2018.10.14-00.09.32:934][362]LogMaterial: Display: Missing cached shader map for material FDebugViewModeMaterialProxy M_MasterWoodBlock_PGA, compiling. 
[2018.10.14-00.09.35:077][362]LogShaderCompilers: Display: Shaders left to compile 58
[2018.10.14-00.09.35:077][362]LogShaderCompilers: Display: Shaders left to compile 57
[2018.10.14-00.09.35:077][362]LogShaderCompilers: Display: Shaders left to compile 56
[2018.10.14-00.09.35:077][362]LogShaderCompilers: Display: Shaders left to compile 55
[2018.10.14-00.09.35:077][362]LogShaderCompilers: Display: Shaders left to compile 54
[2018.10.14-00.09.35:077][362]LogShaderCompilers: Display: Shaders left to compile 53
[2018.10.14-00.09.35:077][362]LogShaderCompilers: Display: Shaders left to compile 52
[2018.10.14-00.09.35:077][362]LogShaderCompilers: Display: Shaders left to compile 51
[2018.10.14-00.09.35:077][362]LogShaderCompilers: Display: Shaders left to compile 50
[2018.10.14-00.09.35:077][362]LogShaderCompilers: Display: Shaders left to compile 49
[2018.10.14-00.09.35:077][362]LogShaderCompilers: Display: Shaders left to compile 48
[2018.10.14-00.09.35:077][362]LogShaderCompilers: Display: Shaders left to compile 47
[2018.10.14-00.09.35:077][362]LogShaderCompilers: Display: Shaders left to compile 46
[2018.10.14-00.09.35:077][362]LogShaderCompilers: Display: Shaders left to compile 45
[2018.10.14-00.09.35:077][362]LogShaderCompilers: Display: Shaders left to compile 44
[2018.10.14-00.09.35:077][362]LogShaderCompilers: Display: Shaders left to compile 43
[2018.10.14-00.09.35:077][362]LogShaderCompilers: Display: Shaders left to compile 42
[2018.10.14-00.09.35:077][362]LogShaderCompilers: Display: Shaders left to compile 41
[2018.10.14-00.09.35:077][362]LogShaderCompilers: Display: Shaders left to compile 40
[2018.10.14-00.09.35:077][362]LogShaderCompilers: Display: Shaders left to compile 39
[2018.10.14-00.09.35:077][362]LogShaderCompilers: Display: Shaders left to compile 38
[2018.10.14-00.09.35:077][362]LogShaderCompilers: Display: Shaders left to compile 37
[2018.10.14-00.09.35:078][362]LogShaderCompilers: Display: Shaders left to compile 36
[2018.10.14-00.09.35:078][362]LogShaderCompilers: Display: Shaders left to compile 35
[2018.10.14-00.09.35:078][362]LogShaderCompilers: Display: Shaders left to compile 34
[2018.10.14-00.09.35:078][362]LogShaderCompilers: Display: Shaders left to compile 33
[2018.10.14-00.09.35:078][362]LogShaderCompilers: Display: Shaders left to compile 32
[2018.10.14-00.09.35:078][362]LogShaderCompilers: Display: Shaders left to compile 31
[2018.10.14-00.09.35:078][362]LogShaderCompilers: Display: Shaders left to compile 21
[2018.10.14-00.09.35:078][362]LogShaderCompilers: Display: Shaders left to compile 11
[2018.10.14-00.09.35:078][362]LogShaderCompilers: Display: Shaders left to compile 1
[2018.10.14-00.09.35:080][362]TextureStreamingBuild: Display: Compiling optional shaders took 2.154 seconds.
[2018.10.14-00.09.37:697][362]Cmd: OBJ SAVEPACKAGE PACKAGE="/Game/Woodblock/M_MasterWoodBlock_PGA" FILE="../../../../../../../Users/Shak/Desktop/UE4 APAssign2/Assign2/Content/Woodblock/M_MasterWoodBlock_PGA.uasset" SILENT=true
[2018.10.14-00.09.37:735][362]LogSavePackage: Moving '../../../../../../../Users/Shak/Desktop/UE4 APAssign2/Assign2/Saved/M_MasterWoodBlock_PGA32A806254B35A2B99C4C93B66C7548F3.tmp' to '../../../../../../../Users/Shak/Desktop/UE4 APAssign2/Assign2/Content/Woodblock/M_MasterWoodBlock_PGA.uasset'
[2018.10.14-00.10.57:062][684]LogSlate: Window 'M_MasterWoodBlock_PGA' being destroyed
[2018.10.14-00.10.57:071][684]LogSlate: Window 'M_MasterWoodBlock_PGA' being destroyed
[2018.10.14-00.10.58:785][852]LogAssetEditorManager: Opening Asset editor for MaterialInstanceConstant /Game/Woodblock/M_WoodBlock_Instance_1.M_WoodBlock_Instance_1
[2018.10.14-00.11.05:698][507]LogRenderer: Reallocating scene render targets to support 1336x924 Format 10 NumSamples 1 (Frame:76).
[2018.10.14-00.11.06:921][614]LogSlate: FSceneViewport::OnFocusLost() reason 0
[2018.10.14-00.12.30:760][792]LogSlate: Window 'M_WoodBlock_Instance_1' being destroyed
[2018.10.14-00.12.30:767][792]LogSlate: Window 'M_WoodBlock_Instance_1' being destroyed
[2018.10.14-00.12.32:173][941]LogAssetEditorManager: Opening Asset editor for MaterialInstanceConstant /Game/Woodblock/M_WoodBlock_Instance_2.M_WoodBlock_Instance_2
[2018.10.14-00.12.59:755][486]LogSlate: Window 'M_WoodBlock_Instance_2' being destroyed
[2018.10.14-00.12.59:763][486]LogSlate: Window 'M_WoodBlock_Instance_2' being destroyed
[2018.10.14-00.13.02:345][759]Cmd: OBJ SAVEPACKAGE PACKAGE="/Game/Woodblock/Shak_WoodBlock_3" FILE="../../../../../../../Users/Shak/Desktop/UE4 APAssign2/Assign2/Content/Woodblock/Shak_WoodBlock_3.uasset" SILENT=true
[2018.10.14-00.13.02:373][759]LogSavePackage: Moving '../../../../../../../Users/Shak/Desktop/UE4 APAssign2/Assign2/Saved/Shak_WoodBlock_3DD1580DE442CD9832094BFB80456FF14.tmp' to '../../../../../../../Users/Shak/Desktop/UE4 APAssign2/Assign2/Content/Woodblock/Shak_WoodBlock_3.uasset'
[2018.10.14-00.13.04:255][971]LogAssetEditorManager: Opening Asset editor for MaterialInstanceConstant /Game/Woodblock/M_WoodBlock_Instance_3.M_WoodBlock_Instance_3
[2018.10.14-00.13.11:813][643]LogSlate: FSceneViewport::OnFocusLost() reason 0
[2018.10.14-00.13.18:753][259]LogSlate: FSceneViewport::OnFocusLost() reason 2
[2018.10.14-00.13.18:778][259]Cmd: OBJ SAVEPACKAGE PACKAGE="/Game/Woodblock/M_WoodBlock_Instance_3" FILE="../../../../../../../Users/Shak/Desktop/UE4 APAssign2/Assign2/Content/Woodblock/M_WoodBlock_Instance_3.uasset" SILENT=true
[2018.10.14-00.13.18:808][259]LogMaterial: Display: Missing cached shader map for material FDebugViewModeMaterialProxy M_WoodBlock_Instance_3, compiling. 
[2018.10.14-00.13.19:316][259]LogShaderCompilers: Display: Shaders left to compile 1
[2018.10.14-00.13.19:317][259]TextureStreamingBuild: Display: Compiling optional shaders took 0.514 seconds.
[2018.10.14-00.13.19:364][259]LogSavePackage: Moving '../../../../../../../Users/Shak/Desktop/UE4 APAssign2/Assign2/Saved/M_WoodBlock_Instance_3E7A7BE8D451C2EDFC1EE1094B973390D.tmp' to '../../../../../../../Users/Shak/Desktop/UE4 APAssign2/Assign2/Content/Woodblock/M_WoodBlock_Instance_3.uasset'
[2018.10.14-00.13.21:492][452]LogSlate: FSceneViewport::OnFocusLost() reason 2
[2018.10.14-00.13.21:505][452]Cmd: OBJ SAVEPACKAGE PACKAGE="/Game/Woodblock/M_WoodBlock_Instance_3" FILE="../../../../../../../Users/Shak/Desktop/UE4 APAssign2/Assign2/Content/Woodblock/M_WoodBlock_Instance_3.uasset" SILENT=true
[2018.10.14-00.13.21:517][452]LogSavePackage: Moving '../../../../../../../Users/Shak/Desktop/UE4 APAssign2/Assign2/Saved/M_WoodBlock_Instance_301268A524D90C5F043B9CAA41197E17A.tmp' to '../../../../../../../Users/Shak/Desktop/UE4 APAssign2/Assign2/Content/Woodblock/M_WoodBlock_Instance_3.uasset'
[2018.10.14-00.13.49:513][656]LogSlate: Window 'M_WoodBlock_Instance_3' being destroyed
[2018.10.14-00.13.49:521][656]LogSlate: Window 'M_WoodBlock_Instance_3' being destroyed
[2018.10.14-00.14.04:377][420]LogSlate: FSceneViewport::OnFocusLost() reason 0
[2018.10.14-00.14.04:558][430]LogSlate: Window 'Assign2 - Unreal Editor' being destroyed
[2018.10.14-00.14.04:560][430]LogWindowsTextInputMethodSystem: Display: IME system now deactivated.
[2018.10.14-00.14.04:758][431]Cmd: QUIT_EDITOR
[2018.10.14-00.14.04:803][431]LogExit: Preparing to exit.
[2018.10.14-00.14.04:961][431]LogExit: Editor shut down
[2018.10.14-00.14.04:961][431]LogExit: Transaction tracking system shut down
[2018.10.14-00.14.05:598][431]LogExit: Object subsystem successfully closed.
[2018.10.14-00.14.05:619][431]LogShaderCompilers: Display: Shaders left to compile 0
[2018.10.14-00.14.05:619][431]LogD3D11RHI: Shutdown
[2018.10.14-00.14.05:619][431]LogD3D11RHI: CleanupD3DDevice
[2018.10.14-00.14.05:622][431]LogD3D11RHI: ~FD3D11DynamicRHI
[2018.10.14-00.14.05:670][431]LogModuleManager: Shutting down and abandoning module StaticMeshEditor (612)
[2018.10.14-00.14.05:671][431]LogModuleManager: Shutting down and abandoning module HierarchicalLODOutliner (610)
[2018.10.14-00.14.05:671][431]LogModuleManager: Shutting down and abandoning module SceneOutliner (608)
[2018.10.14-00.14.05:671][431]LogModuleManager: Shutting down and abandoning module AddContentDialog (606)
[2018.10.14-00.14.05:671][431]LogModuleManager: Shutting down and abandoning module WidgetCarousel (605)
[2018.10.14-00.14.05:671][431]LogModuleManager: Shutting down and abandoning module EditorWidgets (602)
[2018.10.14-00.14.05:671][431]LogModuleManager: Shutting down and abandoning module CollectionManager (600)
[2018.10.14-00.14.05:672][431]LogModuleManager: Shutting down and abandoning module StatsViewer (598)
[2018.10.14-00.14.05:672][431]LogModuleManager: Shutting down and abandoning module FoliageEdit (596)
[2018.10.14-00.14.05:672][431]LogModuleManager: Shutting down and abandoning module LandscapeEditor (594)
[2018.10.14-00.14.05:673][431]LogModuleManager: Shutting down and abandoning module MeshPaintMode (592)
[2018.10.14-00.14.05:673][431]LogModuleManager: Shutting down and abandoning module SceneDepthPickerMode (590)
[2018.10.14-00.14.05:673][431]LogModuleManager: Shutting down and abandoning module ActorPickerMode (588)
[2018.10.14-00.14.05:673][431]LogModuleManager: Shutting down and abandoning module GeometryMode (586)
[2018.10.14-00.14.05:673][431]LogModuleManager: Shutting down and abandoning module TextureAlignMode (584)
[2018.10.14-00.14.05:673][431]LogModuleManager: Shutting down and abandoning module BspMode (582)
[2018.10.14-00.14.05:673][431]LogModuleManager: Shutting down and abandoning module PIEPreviewDeviceProfileSelector (580)
[2018.10.14-00.14.05:673][431]LogModuleManager: Shutting down and abandoning module SequenceRecorderSections (578)
[2018.10.14-00.14.05:674][431]LogModuleManager: Shutting down and abandoning module AutomationWorker (576)
[2018.10.14-00.14.05:674][431]LogModuleManager: Shutting down and abandoning module AudioCaptureEditor (574)
[2018.10.14-00.14.05:674][431]LogModuleManager: Shutting down and abandoning module SequenceRecorder (573)
[2018.10.14-00.14.05:674][431]LogModuleManager: Shutting down and abandoning module MatineeToLevelSequence (570)
[2018.10.14-00.14.05:674][431]LogModuleManager: Shutting down and abandoning module LevelSequenceEditor (568)
[2018.10.14-00.14.05:674][431]LogModuleManager: Shutting down and abandoning module PlacementMode (567)
[2018.10.14-00.14.05:674][431]LogModuleManager: Shutting down and abandoning module MaterialEditor (566)
[2018.10.14-00.14.05:674][431]LogModuleManager: Shutting down and abandoning module WmfMediaFactory (562)
[2018.10.14-00.14.05:674][431]LogModuleManager: Shutting down and abandoning module WmfMediaEditor (560)
[2018.10.14-00.14.05:674][431]LogModuleManager: Shutting down and abandoning module MediaPlayerEditor (558)
[2018.10.14-00.14.05:674][431]LogModuleManager: Shutting down and abandoning module OpenExrWrapper (556)
[2018.10.14-00.14.05:674][431]LogModuleManager: Shutting down and abandoning module ImgMediaFactory (554)
[2018.10.14-00.14.05:674][431]LogModuleManager: Shutting down and abandoning module ImgMediaEditor (552)
[2018.10.14-00.14.05:674][431]LogModuleManager: Shutting down and abandoning module AvfMediaFactory (550)
[2018.10.14-00.14.05:674][431]LogModuleManager: Shutting down and abandoning module AvfMediaEditor (548)
[2018.10.14-00.14.05:674][431]LogModuleManager: Shutting down and abandoning module AndroidMediaFactory (546)
[2018.10.14-00.14.05:674][431]LogModuleManager: Shutting down and abandoning module AndroidMediaEditor (544)
[2018.10.14-00.14.05:674][431]LogModuleManager: Shutting down and abandoning module MagicLeapCameraPreviewFactory (542)
[2018.10.14-00.14.05:674][431]LogModuleManager: Shutting down and abandoning module MagicLeapMediaFactory (540)
[2018.10.14-00.14.05:674][431]LogModuleManager: Shutting down and abandoning module MagicLeapMediaEditor (538)
[2018.10.14-00.14.05:674][431]LogModuleManager: Shutting down and abandoning module CharacterAI (536)
[2018.10.14-00.14.05:674][431]LogModuleManager: Shutting down and abandoning module SmartSnapping (534)
[2018.10.14-00.14.05:674][431]LogModuleManager: Shutting down and abandoning module SessionServices (532)
[2018.10.14-00.14.05:674][431]LogModuleManager: Shutting down and abandoning module ViewportSnapping (530)
[2018.10.14-00.14.05:675][431]LogModuleManager: Shutting down and abandoning module ViewportInteraction (528)
[2018.10.14-00.14.05:675][431]LogModuleManager: Shutting down and abandoning module ClothPainter (526)
[2018.10.14-00.14.05:676][431]LogModuleManager: Shutting down and abandoning module SkeletalMeshEditor (525)
[2018.10.14-00.14.05:677][431]LogModuleManager: Shutting down and abandoning module LogVisualizer (522)
[2018.10.14-00.14.05:677][431]LogModuleManager: Shutting down and abandoning module IntroTutorials (520)
[2018.10.14-00.14.05:677][431]LogModuleManager: Shutting down and abandoning module GameProjectGeneration (519)
[2018.10.14-00.14.05:678][431]LogModuleManager: Shutting down and abandoning module LuminPlatformEditor (516)
[2018.10.14-00.14.05:678][431]LogModuleManager: Shutting down and abandoning module IOSPlatformEditor (514)
[2018.10.14-00.14.05:678][431]LogModuleManager: Shutting down and abandoning module HTML5PlatformEditor (512)
[2018.10.14-00.14.05:678][431]LogModuleManager: Shutting down and abandoning module AndroidPlatformEditor (510)
[2018.10.14-00.14.05:678][431]LogModuleManager: Shutting down and abandoning module AndroidDeviceDetection (509)
[2018.10.14-00.14.05:812][431]LogModuleManager: Shutting down and abandoning module WindowsPlatformEditor (506)
[2018.10.14-00.14.05:813][431]LogModuleManager: Shutting down and abandoning module LuminRuntimeSettings (504)
[2018.10.14-00.14.05:813][431]LogModuleManager: Shutting down and abandoning module IOSRuntimeSettings (502)
[2018.10.14-00.14.05:813][431]LogModuleManager: Shutting down and abandoning module AndroidRuntimeSettings (500)
[2018.10.14-00.14.05:813][431]LogModuleManager: Shutting down and abandoning module InputBindingEditor (498)
[2018.10.14-00.14.05:813][431]LogModuleManager: Shutting down and abandoning module MergeActors (496)
[2018.10.14-00.14.05:813][431]LogModuleManager: Shutting down and abandoning module LocalizationDashboard (494)
[2018.10.14-00.14.05:814][431]LogModuleManager: Shutting down and abandoning module LocalizationService (493)
[2018.10.14-00.14.05:814][431]LogModuleManager: Shutting down and abandoning module HardwareTargeting (490)
[2018.10.14-00.14.05:814][431]LogModuleManager: Shutting down and abandoning module DeviceProfileEditor (488)
[2018.10.14-00.14.05:814][431]LogModuleManager: Shutting down and abandoning module UndoHistory (486)
[2018.10.14-00.14.05:814][431]LogModuleManager: Shutting down and abandoning module XmlParser (484)
[2018.10.14-00.14.05:814][431]LogModuleManager: Shutting down and abandoning module Blutility (482)
[2018.10.14-00.14.05:814][431]LogModuleManager: Shutting down and abandoning module ProjectSettingsViewer (480)
[2018.10.14-00.14.05:814][431]LogModuleManager: Shutting down and abandoning module ProjectTargetPlatformEditor (479)
[2018.10.14-00.14.05:814][431]LogModuleManager: Shutting down and abandoning module EditorSettingsViewer (476)
[2018.10.14-00.14.05:814][431]LogModuleManager: Shutting down and abandoning module SettingsEditor (474)
[2018.10.14-00.14.05:815][431]LogModuleManager: Shutting down and abandoning module ProjectLauncher (472)
[2018.10.14-00.14.05:816][431]LogModuleManager: Shutting down and abandoning module SessionFrontend (470)
[2018.10.14-00.14.05:816][431]LogModuleManager: Shutting down and abandoning module ProfilerClient (468)
[2018.10.14-00.14.05:816][431]LogModuleManager: Shutting down and abandoning module DeviceManager (466)
[2018.10.14-00.14.05:816][431]LogModuleManager: Shutting down and abandoning module TargetDeviceServices (465)
[2018.10.14-00.14.05:871][431]LogModuleManager: Shutting down and abandoning module AutomationController (462)
[2018.10.14-00.14.05:871][431]LogModuleManager: Shutting down and abandoning module AutomationWindow (460)
[2018.10.14-00.14.05:872][431]LogModuleManager: Shutting down and abandoning module Layers (458)
[2018.10.14-00.14.05:875][431]LogModuleManager: Shutting down and abandoning module ComponentVisualizers (456)
[2018.10.14-00.14.05:876][431]LogModuleManager: Shutting down and abandoning module DetailCustomizations (454)
[2018.10.14-00.14.05:876][431]LogModuleManager: Shutting down and abandoning module PackagesDialog (452)
[2018.10.14-00.14.05:876][431]LogModuleManager: Shutting down and abandoning module Persona (450)
[2018.10.14-00.14.05:877][431]LogModuleManager: Shutting down and abandoning module AdvancedPreviewScene (449)
[2018.10.14-00.14.05:877][431]LogModuleManager: Shutting down and abandoning module AnimGraph (447)
[2018.10.14-00.14.05:877][431]LogModuleManager: Shutting down and abandoning module Kismet (444)
[2018.10.14-00.14.05:878][431]LogModuleManager: Shutting down and abandoning module GraphEditor (442)
[2018.10.14-00.14.05:878][431]LogModuleManager: Shutting down and abandoning module ClassViewer (440)
[2018.10.14-00.14.05:878][431]LogModuleManager: Shutting down and abandoning module Toolbox (438)
[2018.10.14-00.14.05:878][431]LogModuleManager: Shutting down and abandoning module ModuleUI (436)
[2018.10.14-00.14.05:878][431]LogModuleManager: Shutting down and abandoning module MovieSceneTools (434)
[2018.10.14-00.14.05:878][431]LogModuleManager: Shutting down and abandoning module OutputLog (432)
[2018.10.14-00.14.05:878][431]LogModuleManager: Shutting down and abandoning module GammaUI (430)
[2018.10.14-00.14.05:879][431]LogModuleManager: Shutting down and abandoning module Documentation (428)
[2018.10.14-00.14.05:879][431]LogModuleManager: Shutting down and abandoning module MovieSceneTracks (426)
[2018.10.14-00.14.05:879][431]LogModuleManager: Shutting down and abandoning module MovieScene (424)
[2018.10.14-00.14.05:880][431]LogModuleManager: Shutting down and abandoning module StreamingPauseRendering (422)
[2018.10.14-00.14.05:880][431]LogModuleManager: Shutting down and abandoning module LauncherPlatform (420)
[2018.10.14-00.14.05:880][431]LogModuleManager: Shutting down and abandoning module AnalyticsET (418)
[2018.10.14-00.14.05:880][431]LogModuleManager: Shutting down and abandoning module PortalServices (416)
[2018.10.14-00.14.05:880][431]LogModuleManager: Shutting down and abandoning module PortalRpc (414)
[2018.10.14-00.14.05:880][431]LogModuleManager: Shutting down and abandoning module MessagingRpc (412)
[2018.10.14-00.14.05:880][431]LogModuleManager: Shutting down and abandoning module AIModule (410)
[2018.10.14-00.14.05:880][431]LogModuleManager: Shutting down and abandoning module GameplayDebugger (409)
[2018.10.14-00.14.05:880][431]LogModuleManager: Shutting down and abandoning module AITestSuite (407)
[2018.10.14-00.14.05:880][431]LogModuleManager: Shutting down and abandoning module NavigationSystem (405)
[2018.10.14-00.14.05:880][431]LogModuleManager: Shutting down and abandoning module DesktopPlatform (402)
[2018.10.14-00.14.05:880][431]LogModuleManager: Shutting down and abandoning module ProfilerService (400)
[2018.10.14-00.14.05:981][431]LogModuleManager: Shutting down and abandoning module TaskGraph (398)
[2018.10.14-00.14.05:981][431]LogModuleManager: Shutting down and abandoning module SteamVRController (396)
[2018.10.14-00.14.05:981][431]LogModuleManager: Shutting down and abandoning module ProceduralMeshComponentEditor (394)
[2018.10.14-00.14.05:981][431]LogModuleManager: Shutting down and abandoning module ProceduralMeshComponent (392)
[2018.10.14-00.14.05:981][431]LogModuleManager: Shutting down and abandoning module OculusInput (390)
[2018.10.14-00.14.05:981][431]LogModuleManager: Shutting down and abandoning module MobilePatchingUtils (388)
[2018.10.14-00.14.05:981][431]LogModuleManager: Shutting down and abandoning module EditableMesh (386)
[2018.10.14-00.14.05:982][431]LogModuleManager: Shutting down and abandoning module CustomMeshComponent (384)
[2018.10.14-00.14.05:982][431]LogModuleManager: Shutting down and abandoning module CableComponent (382)
[2018.10.14-00.14.05:982][431]LogModuleManager: Shutting down and abandoning module AudioCapture (380)
[2018.10.14-00.14.05:982][431]LogModuleManager: Shutting down and abandoning module ArchVisCharacter (378)
[2018.10.14-00.14.05:982][431]LogModuleManager: Shutting down and abandoning module AndroidPermission (376)
[2018.10.14-00.14.05:982][431]LogModuleManager: Shutting down and abandoning module NUTUnrealEngine4 (374)
[2018.10.14-00.14.05:982][431]LogModuleManager: Shutting down and abandoning module NetcodeUnitTest (372)
[2018.10.14-00.14.05:983][431]LogModuleManager: Shutting down and abandoning module MediaCompositingEditor (370)
[2018.10.14-00.14.05:983][431]LogModuleManager: Shutting down and abandoning module MediaCompositing (368)
[2018.10.14-00.14.05:983][431]LogModuleManager: Shutting down and abandoning module LinearTimecode (366)
[2018.10.14-00.14.05:983][431]LogModuleManager: Shutting down and abandoning module ImgMedia (364)
[2018.10.14-00.14.05:988][431]LogModuleManager: Shutting down and abandoning module HTML5Networking (362)
[2018.10.14-00.14.05:988][431]LogModuleManager: Shutting down and abandoning module GeometryCacheTracks (360)
[2018.10.14-00.14.05:988][431]LogModuleManager: Shutting down and abandoning module GeometryCacheSequencer (358)
[2018.10.14-00.14.05:988][431]LogModuleManager: Shutting down and abandoning module BackChannel (356)
[2018.10.14-00.14.05:989][431]LogModuleManager: Shutting down and abandoning module AppleVision (354)
[2018.10.14-00.14.05:989][431]LogModuleManager: Shutting down and abandoning module AppleImageUtils (352)
[2018.10.14-00.14.05:989][431]LogModuleManager: Shutting down and abandoning module AlembicImporter (350)
[2018.10.14-00.14.05:989][431]LogModuleManager: Shutting down and abandoning module AlembicLibrary (349)
[2018.10.14-00.14.05:989][431]LogModuleManager: Shutting down and abandoning module GeometryCache (348)
[2018.10.14-00.14.05:989][431]LogModuleManager: Shutting down and abandoning module GeometryCacheEd (347)
[2018.10.14-00.14.05:989][431]LogModuleManager: Shutting down and abandoning module DatasmithContentEditor (342)
[2018.10.14-00.14.05:990][431]LogModuleManager: Shutting down and abandoning module DatasmithContent (340)
[2018.10.14-00.14.05:990][431]LogModuleManager: Shutting down and abandoning module SpeedTreeImporter (338)
[2018.10.14-00.14.05:990][431]LogModuleManager: Shutting down and abandoning module PluginBrowser (336)
[2018.10.14-00.14.05:991][431]LogModuleManager: Shutting down and abandoning module MobileLauncherProfileWizard (334)
[2018.10.14-00.14.05:991][431]LogModuleManager: Shutting down and abandoning module PolygonModeling (332)
[2018.10.14-00.14.05:991][431]LogModuleManager: Shutting down and abandoning module MeshEditor (330)
[2018.10.14-00.14.05:991][431]LogModuleManager: Shutting down and abandoning module CryptoKeysOpenSSL (328)
[2018.10.14-00.14.05:991][431]LogModuleManager: Shutting down and abandoning module CryptoKeys (326)
[2018.10.14-00.14.05:991][431]LogModuleManager: Shutting down and abandoning module VisualStudioSourceCodeAccess (324)
[2018.10.14-00.14.05:991][431]LogModuleManager: Shutting down and abandoning module VisualStudioCodeSourceCodeAccess (322)
[2018.10.14-00.14.05:991][431]LogModuleManager: Shutting down and abandoning module UObjectPlugin (320)
[2018.10.14-00.14.05:991][431]LogModuleManager: Shutting down and abandoning module SubversionSourceControl (318)
[2018.10.14-00.14.05:991][431]LogModuleManager: Shutting down and abandoning module PerforceSourceControl (316)
[2018.10.14-00.14.05:991][431]LogModuleManager: Shutting down and abandoning module GitSourceControl (314)
[2018.10.14-00.14.05:991][431]LogModuleManager: Shutting down and abandoning module SourceControl (313)
[2018.10.14-00.14.05:993][431]LogModuleManager: Shutting down and abandoning module CLionSourceCodeAccess (310)
[2018.10.14-00.14.05:993][431]LogModuleManager: Shutting down and abandoning module LightPropagationVolumeEditor (308)
[2018.10.14-00.14.05:993][431]LogModuleManager: Shutting down and abandoning module PaperTiledImporter (306)
[2018.10.14-00.14.05:993][431]LogModuleManager: Shutting down and abandoning module PaperSpriteSheetImporter (304)
[2018.10.14-00.14.05:993][431]LogModuleManager: Shutting down and abandoning module Paper2DEditor (302)
[2018.10.14-00.14.05:995][431]LogModuleManager: Shutting down and abandoning module MeshPaint (301)
[2018.10.14-00.14.05:995][431]LogModuleManager: Shutting down and abandoning module RuntimePhysXCooking (298)
[2018.10.14-00.14.05:995][431]LogModuleManager: Shutting down and abandoning module PhysXVehiclesEditor (296)
[2018.10.14-00.14.05:995][431]LogModuleManager: Shutting down and abandoning module PhysXVehicles (294)
[2018.10.14-00.14.05:995][431]LogModuleManager: Shutting down and abandoning module OculusEditor (292)
[2018.10.14-00.14.05:995][431]LogModuleManager: Shutting down and abandoning module LocationServicesBPLibrary (290)
[2018.10.14-00.14.05:995][431]LogModuleManager: Shutting down and abandoning module ImmediatePhysicsEditor (288)
[2018.10.14-00.14.05:995][431]LogModuleManager: Shutting down and abandoning module ImmediatePhysics (286)
[2018.10.14-00.14.05:996][431]LogModuleManager: Shutting down and abandoning module ActorSequence (284)
[2018.10.14-00.14.05:996][431]LogModuleManager: Shutting down and abandoning module UdpMessaging (282)
[2018.10.14-00.14.06:096][431]LogModuleManager: Shutting down and abandoning module TcpMessaging (280)
[2018.10.14-00.14.06:197][431]LogModuleManager: Shutting down and abandoning module MagicLeapAudio (278)
[2018.10.14-00.14.06:197][431]LogModuleManager: Shutting down and abandoning module GameplayTagsEditor (276)
[2018.10.14-00.14.06:198][431]LogModuleManager: Shutting down and abandoning module FacialAnimationEditor (274)
[2018.10.14-00.14.06:198][431]LogModuleManager: Shutting down and abandoning module FacialAnimation (272)
[2018.10.14-00.14.06:198][431]LogModuleManager: Shutting down and abandoning module DataValidation (270)
[2018.10.14-00.14.06:198][431]LogModuleManager: Shutting down and abandoning module AssetManagerEditor (268)
[2018.10.14-00.14.06:199][431]LogModuleManager: Shutting down and abandoning module LevelEditor (267)
[2018.10.14-00.14.06:200][431]LogModuleManager: Shutting down and abandoning module PixelInspectorModule (266)
[2018.10.14-00.14.06:200][431]LogModuleManager: Shutting down and abandoning module CommonMenuExtensions (264)
[2018.10.14-00.14.06:200][431]LogModuleManager: Shutting down and abandoning module MainFrame (262)
[2018.10.14-00.14.06:200][431]LogModuleManager: Shutting down and abandoning module HotReload (261)
[2018.10.14-00.14.06:201][431]LogModuleManager: Shutting down and abandoning module ContentBrowser (257)
[2018.10.14-00.14.06:202][431]LogModuleManager: Shutting down and abandoning module TreeMap (255)
[2018.10.14-00.14.06:202][431]LogModuleManager: Shutting down and abandoning module LightPropagationVolumeRuntime (252)
[2018.10.14-00.14.06:202][431]LogModuleManager: Shutting down and abandoning module AISupportModule (250)
[2018.10.14-00.14.06:202][431]LogModuleManager: Shutting down and abandoning module Paper2D (248)
[2018.10.14-00.14.06:202][431]LogModuleManager: Shutting down and abandoning module WindowsMoviePlayer (246)
[2018.10.14-00.14.06:203][431]LogModuleManager: Shutting down and abandoning module WmfMedia (244)
[2018.10.14-00.14.06:208][431]LogModuleManager: Shutting down and abandoning module Media (243)
[2018.10.14-00.14.06:215][431]LogModuleManager: Shutting down and abandoning module PacketHandler (240)
[2018.10.14-00.14.06:215][431]LogModuleManager: Shutting down and abandoning module ClothingSystemEditor (238)
[2018.10.14-00.14.06:215][431]LogModuleManager: Shutting down and abandoning module ClothingSystemRuntime (236)
[2018.10.14-00.14.06:216][431]LogModuleManager: Shutting down and abandoning module MediaAssets (234)
[2018.10.14-00.14.06:216][431]LogModuleManager: Shutting down and abandoning module Overlay (232)
[2018.10.14-00.14.06:216][431]LogModuleManager: Shutting down and abandoning module OverlayEditor (231)
[2018.10.14-00.14.06:216][431]LogModuleManager: Shutting down and abandoning module VREditor (228)
[2018.10.14-00.14.06:216][431]LogModuleManager: Shutting down and abandoning module StringTableEditor (226)
[2018.10.14-00.14.06:217][431]LogModuleManager: Shutting down and abandoning module GameplayTasksEditor (224)
[2018.10.14-00.14.06:217][431]LogModuleManager: Shutting down and abandoning module BehaviorTreeEditor (222)
[2018.10.14-00.14.06:218][431]LogModuleManager: Shutting down and abandoning module FunctionalTesting (220)
[2018.10.14-00.14.06:219][431]LogModuleManager: Shutting down and abandoning module CollisionAnalyzer (218)
[2018.10.14-00.14.06:219][431]LogModuleManager: Shutting down and abandoning module WorkspaceMenuStructure (217)
[2018.10.14-00.14.06:219][431]LogModuleManager: Shutting down and abandoning module UMG (214)
[2018.10.14-00.14.06:219][431]LogModuleManager: Shutting down and abandoning module UMGEditor (213)
[2018.10.14-00.14.06:221][431]LogModuleManager: Shutting down and abandoning module Sequencer (212)
[2018.10.14-00.14.06:223][431]LogModuleManager: Shutting down and abandoning module MessageLog (209)
[2018.10.14-00.14.06:223][431]LogModuleManager: Shutting down and abandoning module SlateReflector (204)
[2018.10.14-00.14.06:225][431]LogModuleManager: Shutting down and abandoning module Slate (202)
[2018.10.14-00.14.06:225][431]LogModuleManager: Shutting down and abandoning module EditorStyle (200)
[2018.10.14-00.14.06:226][431]LogModuleManager: Shutting down and abandoning module MRMesh (198)
[2018.10.14-00.14.06:227][431]LogModuleManager: Shutting down and abandoning module SourceCodeAccess (196)
[2018.10.14-00.14.06:227][431]LogModuleManager: Shutting down and abandoning module HeadMountedDisplay (194)
[2018.10.14-00.14.06:227][431]LogModuleManager: Shutting down and abandoning module XAudio2 (192)
[2018.10.14-00.14.06:227][431]LogModuleManager: Shutting down and abandoning module Networking (190)
[2018.10.14-00.14.06:227][431]LogModuleManager: Shutting down and abandoning module Core (188)
[2018.10.14-00.14.06:227][431]LogModuleManager: Shutting down and abandoning module LevelSequence (186)
[2018.10.14-00.14.06:227][431]LogModuleManager: Shutting down and abandoning module KismetCompiler (184)
[2018.10.14-00.14.06:227][431]LogModuleManager: Shutting down and abandoning module MeshUtilities (182)
[2018.10.14-00.14.06:229][431]LogModuleManager: Shutting down and abandoning module MeshMergeUtilities (181)
[2018.10.14-00.14.06:229][431]LogModuleManager: Shutting down and abandoning module MeshReductionInterface (180)
[2018.10.14-00.14.06:229][431]LogModuleManager: Shutting down and abandoning module SimplygonSwarm (179)
[2018.10.14-00.14.06:229][431]LogModuleManager: Shutting down and abandoning module ProxyLODMeshReduction (177)
[2018.10.14-00.14.06:230][431]LogModuleManager: Shutting down and abandoning module SimplygonMeshReduction (175)
[2018.10.14-00.14.06:230][431]LogModuleManager: Shutting down and abandoning module QuadricMeshReduction (173)
[2018.10.14-00.14.06:231][431]LogModuleManager: Shutting down and abandoning module MaterialBaking (169)
[2018.10.14-00.14.06:231][431]LogModuleManager: Shutting down and abandoning module DirectoryWatcher (165)
[2018.10.14-00.14.06:231][431]LogModuleManager: Shutting down and abandoning module DerivedDataCache (162)
[2018.10.14-00.14.06:263][431]LogDerivedDataCache: Shutdown
[2018.10.14-00.14.06:264][431]LogModuleManager: Shutting down and abandoning module XGEController (160)
[2018.10.14-00.14.06:264][431]LogXGEController: Cleaning working directory: C:/Users/Shak/AppData/Local/Temp/UnrealXGEWorkingDir/
[2018.10.14-00.14.06:264][431]LogModuleManager: Shutting down and abandoning module TargetPlatform (158)
[2018.10.14-00.14.06:264][431]LogModuleManager: Shutting down and abandoning module VulkanShaderFormat (157)
[2018.10.14-00.14.06:264][431]LogModuleManager: Shutting down and abandoning module ShaderFormatVectorVM (155)
[2018.10.14-00.14.06:265][431]LogModuleManager: Shutting down and abandoning module ShaderFormatOpenGL (153)
[2018.10.14-00.14.06:266][431]LogModuleManager: Shutting down and abandoning module ShaderFormatD3D (151)
[2018.10.14-00.14.06:266][431]LogModuleManager: Shutting down and abandoning module MetalShaderFormat (149)
[2018.10.14-00.14.06:267][431]LogModuleManager: Shutting down and abandoning module TextureFormatUncompressed (147)
[2018.10.14-00.14.06:267][431]LogModuleManager: Shutting down and abandoning module TextureFormatPVR (145)
[2018.10.14-00.14.06:267][431]LogModuleManager: Shutting down and abandoning module TextureFormatDXT (143)
[2018.10.14-00.14.06:267][431]LogModuleManager: Shutting down and abandoning module TextureFormatIntelISPCTexComp (141)
[2018.10.14-00.14.06:267][431]LogModuleManager: Shutting down and abandoning module TextureFormatASTC (139)
[2018.10.14-00.14.06:267][431]LogModuleManager: Shutting down and abandoning module ImageWrapper (138)
[2018.10.14-00.14.06:267][431]LogModuleManager: Shutting down and abandoning module TextureFormatAndroid (135)
[2018.10.14-00.14.06:267][431]LogModuleManager: Shutting down and abandoning module AudioFormatOpus (133)
[2018.10.14-00.14.06:267][431]LogModuleManager: Shutting down and abandoning module AudioFormatOgg (131)
[2018.10.14-00.14.06:267][431]LogModuleManager: Shutting down and abandoning module AudioFormatADPCM (129)
[2018.10.14-00.14.06:268][431]LogModuleManager: Shutting down and abandoning module LuminTargetPlatform (127)
[2018.10.14-00.14.06:268][431]LogModuleManager: Shutting down and abandoning module LinuxTargetPlatform (125)
[2018.10.14-00.14.06:268][431]LogModuleManager: Shutting down and abandoning module LinuxServerTargetPlatform (123)
[2018.10.14-00.14.06:268][431]LogModuleManager: Shutting down and abandoning module LinuxNoEditorTargetPlatform (121)
[2018.10.14-00.14.06:268][431]LogModuleManager: Shutting down and abandoning module LinuxClientTargetPlatform (119)
[2018.10.14-00.14.06:268][431]LogModuleManager: Shutting down and abandoning module TVOSTargetPlatform (117)
[2018.10.14-00.14.06:269][431]LogModuleManager: Shutting down and abandoning module Messaging (115)
[2018.10.14-00.14.06:269][431]LogModuleManager: Shutting down and abandoning module IOSTargetPlatform (113)
[2018.10.14-00.14.06:270][431]LogModuleManager: Shutting down and abandoning module HTML5TargetPlatform (111)
[2018.10.14-00.14.06:270][431]LogModuleManager: Shutting down and abandoning module AndroidTargetPlatform (109)
[2018.10.14-00.14.06:275][431]LogModuleManager: Shutting down and abandoning module WindowsTargetPlatform (107)
[2018.10.14-00.14.06:275][431]LogModuleManager: Shutting down and abandoning module WindowsServerTargetPlatform (105)
[2018.10.14-00.14.06:275][431]LogModuleManager: Shutting down and abandoning module WindowsNoEditorTargetPlatform (103)
[2018.10.14-00.14.06:275][431]LogModuleManager: Shutting down and abandoning module WindowsClientTargetPlatform (101)
[2018.10.14-00.14.06:275][431]LogModuleManager: Shutting down and abandoning module MacTargetPlatform (99)
[2018.10.14-00.14.06:275][431]LogModuleManager: Shutting down and abandoning module MacServerTargetPlatform (97)
[2018.10.14-00.14.06:275][431]LogModuleManager: Shutting down and abandoning module MacNoEditorTargetPlatform (95)
[2018.10.14-00.14.06:275][431]LogModuleManager: Shutting down and abandoning module MacClientTargetPlatform (93)
[2018.10.14-00.14.06:275][431]LogModuleManager: Shutting down and abandoning module AllDesktopTargetPlatform (91)
[2018.10.14-00.14.06:275][431]LogModuleManager: Shutting down and abandoning module InputCore (88)
[2018.10.14-00.14.06:275][431]LogModuleManager: Shutting down and abandoning module Settings (86)
[2018.10.14-00.14.06:275][431]LogModuleManager: Shutting down and abandoning module PhysXCooking (84)
[2018.10.14-00.14.06:275][431]LogModuleManager: Shutting down and abandoning module SteamVR (82)
[2018.10.14-00.14.06:275][431]LogModuleManager: Shutting down and abandoning module OculusHMD (80)
[2018.10.14-00.14.06:275][431]LogModuleManager: Shutting down and abandoning module ExampleDeviceProfileSelector (78)
[2018.10.14-00.14.06:275][431]LogModuleManager: Shutting down and abandoning module LauncherChunkInstaller (76)
[2018.10.14-00.14.06:275][431]LogModuleManager: Shutting down and abandoning module OnlineBlueprintSupport (74)
[2018.10.14-00.14.06:276][431]LogModuleManager: Shutting down and abandoning module OnlineSubsystem (70)
[2018.10.14-00.14.06:278][431]LogModuleManager: Shutting down and abandoning module XMPP (65)
[2018.10.14-00.14.06:279][431]LogModuleManager: Shutting down and abandoning module WebSockets (64)
[2018.10.14-00.14.06:315][431]LogModuleManager: Shutting down and abandoning module HTTP (61)
[2018.10.14-00.14.06:315][431]LogHttp: Display: Http module shutting down, but needs to wait on 1 outstanding Http requests:
[2018.10.14-00.14.06:315][431]LogHttp: Display: 	verb=[POST] url=[https://datarouter.ol.epicgames.com/datarouter/api/v1/public/data?SessionID=%7B1E66D84C-46AA-98C2-F618-DC8153561D64%7D&AppID=UEEditor.Rocket.Release&AppVersion=4.20.3-4369336%2B%2B%2BUE4%2BRelease-4.20&UserID=08508f9d4a1c616a1893d5a718ab866c%7C1a70b28e24b641e78dbc16771d40c6fa%7Cbe565a12-f482-4351-a2d0-49d31e486086&AppEnvironment=datacollector-binary&UploadType=eteventstream] status=Processing
[2018.10.14-00.14.06:318][431]LogModuleManager: Shutting down and abandoning module SSL (60)
[2018.10.14-00.14.06:319][431]LogModuleManager: Shutting down and abandoning module MagicLeapEmulator (56)
[2018.10.14-00.14.06:319][431]LogModuleManager: Shutting down and abandoning module MagicLeapPrivileges (54)
[2018.10.14-00.14.06:319][431]LogModuleManager: Shutting down and abandoning module MagicLeapIdentity (52)
[2018.10.14-00.14.06:319][431]LogModuleManager: Shutting down and abandoning module MagicLeapHelperVulkan (50)
[2018.10.14-00.14.06:319][431]LogModuleManager: Shutting down and abandoning module MagicLeapHelperOpenGL (48)
[2018.10.14-00.14.06:319][431]LogModuleManager: Shutting down and abandoning module MagicLeapSecureStorage (46)
[2018.10.14-00.14.06:319][431]LogModuleManager: Shutting down and abandoning module MagicLeapGestures (44)
[2018.10.14-00.14.06:319][431]LogModuleManager: Shutting down and abandoning module MagicLeapEyeTracker (42)
[2018.10.14-00.14.06:319][431]LogModuleManager: Shutting down and abandoning module MagicLeapController (40)
[2018.10.14-00.14.06:319][431]LogSlate: Slate User Destroyed.  User Index 0, Is Virtual User: 0
[2018.10.14-00.14.06:319][431]LogModuleManager: Shutting down and abandoning module MagicLeap (38)
[2018.10.14-00.14.06:320][431]LogModuleManager: Shutting down and abandoning module AnimationModifiers (36)
[2018.10.14-00.14.06:321][431]LogModuleManager: Shutting down and abandoning module PropertyEditor (35)
[2018.10.14-00.14.06:321][431]LogModuleManager: Shutting down and abandoning module AudioEditor (32)
[2018.10.14-00.14.06:321][431]LogModuleManager: Shutting down and abandoning module TextureCompressor (30)
[2018.10.14-00.14.06:321][431]LogModuleManager: Shutting down and abandoning module ShaderCore (28)
[2018.10.14-00.14.06:321][431]LogModuleManager: Shutting down and abandoning module Landscape (26)
[2018.10.14-00.14.06:321][431]LogModuleManager: Shutting down and abandoning module SlateRHIRenderer (24)
[2018.10.14-00.14.06:322][431]LogModuleManager: Shutting down and abandoning module OpenGLDrv (22)
[2018.10.14-00.14.06:323][431]LogModuleManager: Shutting down and abandoning module D3D11RHI (20)
[2018.10.14-00.14.06:323][431]LogModuleManager: Shutting down and abandoning module AnimGraphRuntime (18)
[2018.10.14-00.14.06:323][431]LogModuleManager: Shutting down and abandoning module Renderer (16)
[2018.10.14-00.14.06:323][431]LogModuleManager: Shutting down and abandoning module Engine (14)
[2018.10.14-00.14.06:323][431]LogModuleManager: Shutting down and abandoning module CoreUObject (12)
[2018.10.14-00.14.06:323][431]LogModuleManager: Shutting down and abandoning module NetworkFile (10)
[2018.10.14-00.14.06:323][431]LogModuleManager: Shutting down and abandoning module CookedIterativeFile (8)
[2018.10.14-00.14.06:323][431]LogModuleManager: Shutting down and abandoning module StreamingFile (6)
[2018.10.14-00.14.06:324][431]LogModuleManager: Shutting down and abandoning module SandboxFile (4)
[2018.10.14-00.14.06:324][431]LogModuleManager: Shutting down and abandoning module PakFile (2)
[2018.10.14-00.14.06:332][431]LogExit: Exiting.
[2018.10.14-00.14.06:354][431]Log file closed, 10/13/18 18:14:06
